<?xml version="1.0" encoding="UTF-8"?>
<!-- Generated by org.testng.reporters.JUnitXMLReporter -->
<testsuite ignored="0" hostname="LAPTOP-NTUBU1R7" failures="0" tests="6" name="Surefire test" time="0.04" errors="0" timestamp="2021-08-21T23:29:11 PDT">
  <testcase classname="test1.TestCreditCard" name="testA1" time="0.003"/>
  <testcase classname="test1.TestCreditCard" name="testA2" time="0.0"/>
  <testcase classname="test1.TestCreditCard" name="testA3" time="0.0"/>
  <testcase classname="test1.TestDebitCard" name="testB1" time="0.001"/>
  <testcase classname="test1.TestDebitCard" name="testB2" time="0.0"/>
  <testcase classname="test1.TestDebitCard" name="testB3" time="0.0"/>
</testsuite> <!-- Surefire test -->
