<?xml version="1.0" encoding="UTF-8"?>
<testng-results ignored="0" total="1" passed="1" failed="0" skipped="0">
  <reporter-output>
  </reporter-output>
  <suite started-at="2021-09-08T12:42:36 PDT" name="Default suite" finished-at="2021-09-08T12:42:40 PDT" duration-ms="3674">
    <groups>
    </groups>
    <test started-at="2021-09-08T12:42:36 PDT" name="Default test" finished-at="2021-09-08T12:42:40 PDT" duration-ms="3674">
      <class name="testpackage.ImplicitWaitDemo">
        <test-method is-config="true" signature="setup()[pri:0, instance:testpackage.ImplicitWaitDemo@161479c6]" started-at="2021-09-08T12:42:36 PDT" name="setup" finished-at="2021-09-08T12:42:40 PDT" duration-ms="3613" status="PASS">
          <reporter-output>
          </reporter-output>
        </test-method> <!-- setup -->
        <test-method signature="testImplicitlyWait()[pri:0, instance:testpackage.ImplicitWaitDemo@161479c6]" started-at="2021-09-08T12:42:40 PDT" name="testImplicitlyWait" finished-at="2021-09-08T12:42:40 PDT" duration-ms="16" status="PASS">
          <reporter-output>
          </reporter-output>
        </test-method> <!-- testImplicitlyWait -->
      </class> <!-- testpackage.ImplicitWaitDemo -->
    </test> <!-- Default test -->
  </suite> <!-- Default suite -->
</testng-results>
