<?xml version="1.0" encoding="UTF-8"?>
<!-- Generated by org.testng.reporters.JUnitReportReporter -->
<testsuite hostname="LAPTOP-NTUBU1R7" failures="0" tests="3" name="test1.TestDebitCard" time="0.008" errors="0" timestamp="2021-08-21T23:35:43 PDT" skipped="0">
  <testcase classname="test1.TestDebitCard" name="testB3" time="0.001"/>
  <system-out/>
  <testcase classname="test1.TestDebitCard" name="testB2" time="0.001"/>
  <system-out/>
  <testcase classname="test1.TestDebitCard" name="testB1" time="0.006"/>
  <system-out/>
</testsuite> <!-- test1.TestDebitCard -->
